<?xml version="1.0" encoding="UTF-8"?>
<testsuite name="com.tiftazani.laundryops.data.LoginPolicyTest" tests="2" skipped="0" failures="0" errors="0" timestamp="2026-09-10T23:54:43" hostname="Tiftas-MacBook-M5-Pro.local" time="0.008">
  <properties/>
  <testcase name="releaseRequiresApprovedPasswordProtectedAccount" classname="com.tiftazani.laundryops.data.LoginPolicyTest" time="0.008"/>
  <testcase name="debugSeedStillWorksButWrongPasswordDoesNot" classname="com.tiftazani.laundryops.data.LoginPolicyTest" time="0.0"/>
  <system-out><![CDATA[]]></system-out>
  <system-err><![CDATA[]]></system-err>
</testsuite>
