<?xml version="1.0" encoding="UTF-8"?>
<testsuite name="com.tiftazani.laundryops.ui.InteractionContractsTest" tests="3" skipped="0" failures="0" errors="0" timestamp="2026-09-10T23:54:43" hostname="Tiftas-MacBook-M5-Pro.local" time="0.034">
  <properties/>
  <testcase name="existingWorkingStatesBothCompleteInOneStep" classname="com.tiftazani.laundryops.ui.InteractionContractsTest" time="0.005"/>
  <testcase name="acceptsSharedMapLinksAndRejectsUntrustedUrls" classname="com.tiftazani.laundryops.ui.InteractionContractsTest" time="0.014"/>
  <testcase name="dateAndTimeRoundTripPreservesUserSelection" classname="com.tiftazani.laundryops.ui.InteractionContractsTest" time="0.015"/>
  <system-out><![CDATA[]]></system-out>
  <system-err><![CDATA[]]></system-err>
</testsuite>
